2025-04-12 16:47:27,062 - INFO - Logging to /app/logs/load.log
2025-04-12 16:47:27,064 - INFO - Temporary directory created: /tmp/tmp9uwm9bf9
2025-04-12 16:47:27,065 - INFO - Extracting archive: /app/solution/xv6-labs-2024-util.zip
2025-04-12 16:47:27,071 - INFO - Archive successfully extracted to /tmp/tmp9uwm9bf9
2025-04-12 16:47:27,071 - INFO - Searching for patch file in /tmp/tmp9uwm9bf9
2025-04-12 16:47:27,072 - WARNING - No patch file found!
2025-04-12 16:47:27,072 - WARNING - No patch found. Skipping patch application.
2025-04-12 16:47:27,072 - INFO - Output directory set to: /app/lab_ready
2025-04-12 16:47:27,076 - INFO - Lab work successfully prepared in: /app/lab_ready
2025-04-12 16:47:27,076 - INFO - Script directory: /app/scripts
2025-04-12 16:47:27,076 - INFO - Lab ready directory: /app/lab_ready

Trivial checks:
2025-04-12 16:47:27,105 - INFO - Logging started. Logs are saved to: /app/logs/file_checker.log
2025-04-12 16:47:27,105 - INFO - Starting file check in 'user' folders within: /app/lab_ready
2025-04-12 16:47:27,105 - INFO - 
Checking folder: /app/lab_ready/xv6-labs-2024-util/user
2025-04-12 16:47:27,105 - INFO - Checking file: /app/lab_ready/xv6-labs-2024-util/user/sleep.c
2025-04-12 16:47:27,106 - INFO - Checking file: /app/lab_ready/xv6-labs-2024-util/user/user.ld
2025-04-12 16:47:27,106 - INFO - Checking file: /app/lab_ready/xv6-labs-2024-util/user/usertests.c
2025-04-12 16:47:27,107 - INFO - Checking file: /app/lab_ready/xv6-labs-2024-util/user/echo.c
2025-04-12 16:47:27,107 - INFO - Checking file: /app/lab_ready/xv6-labs-2024-util/user/primes.c
2025-04-12 16:47:27,107 - INFO - Checking file: /app/lab_ready/xv6-labs-2024-util/user/xargstest.sh
2025-04-12 16:47:27,107 - INFO - Checking file: /app/lab_ready/xv6-labs-2024-util/user/xargs.c
2025-04-12 16:47:27,108 - INFO - Checking file: /app/lab_ready/xv6-labs-2024-util/user/ulib.c
2025-04-12 16:47:27,108 - INFO - Checking file: /app/lab_ready/xv6-labs-2024-util/user/usys.pl
2025-04-12 16:47:27,108 - INFO - Checking file: /app/lab_ready/xv6-labs-2024-util/user/grep.c
2025-04-12 16:47:27,108 - INFO - Checking file: /app/lab_ready/xv6-labs-2024-util/user/ln.c
2025-04-12 16:47:27,108 - INFO - Checking file: /app/lab_ready/xv6-labs-2024-util/user/sh.c
2025-04-12 16:47:27,108 - INFO - Checking file: /app/lab_ready/xv6-labs-2024-util/user/init.c
2025-04-12 16:47:27,109 - INFO - Checking file: /app/lab_ready/xv6-labs-2024-util/user/umalloc.c
2025-04-12 16:47:27,109 - INFO - Checking file: /app/lab_ready/xv6-labs-2024-util/user/printf.c
2025-04-12 16:47:27,109 - INFO - Checking file: /app/lab_ready/xv6-labs-2024-util/user/forktest.c
2025-04-12 16:47:27,109 - INFO - Checking file: /app/lab_ready/xv6-labs-2024-util/user/pingpong.c
2025-04-12 16:47:27,109 - INFO - Checking file: /app/lab_ready/xv6-labs-2024-util/user/mkdir.c
2025-04-12 16:47:27,109 - INFO - Checking file: /app/lab_ready/xv6-labs-2024-util/user/zombie.c
2025-04-12 16:47:27,110 - INFO - Checking file: /app/lab_ready/xv6-labs-2024-util/user/user.h
2025-04-12 16:47:27,110 - INFO - Checking file: /app/lab_ready/xv6-labs-2024-util/user/initcode.S
2025-04-12 16:47:27,110 - INFO - Checking file: /app/lab_ready/xv6-labs-2024-util/user/stressfs.c
2025-04-12 16:47:27,110 - INFO - Checking file: /app/lab_ready/xv6-labs-2024-util/user/kill.c
2025-04-12 16:47:27,110 - INFO - Checking file: /app/lab_ready/xv6-labs-2024-util/user/grind.c
2025-04-12 16:47:27,110 - INFO - Checking file: /app/lab_ready/xv6-labs-2024-util/user/wc.c
2025-04-12 16:47:27,110 - INFO - Checking file: /app/lab_ready/xv6-labs-2024-util/user/cat.c
2025-04-12 16:47:27,111 - INFO - Checking file: /app/lab_ready/xv6-labs-2024-util/user/rm.c
2025-04-12 16:47:27,111 - INFO - Checking file: /app/lab_ready/xv6-labs-2024-util/user/ls.c
2025-04-12 16:47:27,111 - INFO - Checking file: /app/lab_ready/xv6-labs-2024-util/user/find.c
2025-04-12 16:47:27,111 - INFO - All files meet the requirements!

Checking the performance of laboratory work:
2025-04-12 16:47:27 - INFO - Process started
2025-04-12 16:47:47 - INFO - Process finished with status: TRUE
